17:28:00:604  INFO 17340 --- [main] com.hmall.pay.PayApplication             : Starting PayApplication using Java 21.0.8 on LAPTOP-F9DK7HAO with PID 17340 (D:\BaiduNetdiskDownload\SpringCloudNew\day03\hmall\pay-service\target\classes started by h1187 in D:\BaiduNetdiskDownload\SpringCloudNew\day03\hmall)
17:28:00:606 DEBUG 17340 --- [main] com.hmall.pay.PayApplication             : Running with Spring Boot v2.7.12, Spring v5.3.27
17:28:00:606  INFO 17340 --- [main] com.hmall.pay.PayApplication             : The following 1 profile is active: "local"
17:28:01:226  INFO 17340 --- [main] o.s.cloud.context.scope.GenericScope     : BeanFactory id=76e157d7-63db-3312-95c6-02933f42b34b
17:28:01:500  INFO 17340 --- [main] o.s.b.w.embedded.tomcat.TomcatWebServer  : Tomcat initialized with port(s): 8086 (http)
17:28:01:508  INFO 17340 --- [main] o.apache.catalina.core.StandardService   : Starting service [Tomcat]
17:28:01:508  INFO 17340 --- [main] org.apache.catalina.core.StandardEngine  : Starting Servlet engine: [Apache Tomcat/9.0.75]
17:28:01:694  INFO 17340 --- [main] o.a.c.c.C.[Tomcat].[localhost].[/]       : Initializing Spring embedded WebApplicationContext
17:28:01:694  INFO 17340 --- [main] w.s.c.ServletWebServerApplicationContext : Root WebApplicationContext: initialization completed in 1062 ms
17:28:01:811  INFO 17340 --- [main] o.s.c.openfeign.FeignClientFactoryBean   : For 'user-service' URL not provided. Will try picking an instance via load-balancing.
17:28:01:845  INFO 17340 --- [main] o.s.c.openfeign.FeignClientFactoryBean   : For 'trade-service' URL not provided. Will try picking an instance via load-balancing.
17:28:03:254  INFO 17340 --- [main] o.s.cloud.commons.util.InetUtils         : Cannot determine local hostname
17:28:03:273  INFO 17340 --- [main] pertySourcedRequestMappingHandlerMapping : Mapped URL path [/v2/api-docs] onto method [springfox.documentation.swagger2.web.Swagger2ControllerWebMvc#getDocumentation(String, HttpServletRequest)]
17:28:04:316  INFO 17340 --- [main] o.s.cloud.commons.util.InetUtils         : Cannot determine local hostname
17:28:04:451  INFO 17340 --- [main] com.alibaba.nacos.common.remote.client   : [RpcClientFactory] create a new rpc client of e7556e8c-7bec-4c64-bf73-3f97fd1c7c6b
17:28:04:485  INFO 17340 --- [main] org.reflections.Reflections              : Reflections took 17 ms to scan 1 urls, producing 3 keys and 6 values 
17:28:04:499  INFO 17340 --- [main] org.reflections.Reflections              : Reflections took 5 ms to scan 1 urls, producing 4 keys and 9 values 
17:28:04:506  INFO 17340 --- [main] org.reflections.Reflections              : Reflections took 5 ms to scan 1 urls, producing 3 keys and 10 values 
17:28:04:507  WARN 17340 --- [main] org.reflections.Reflections              : given scan urls are empty. set urls in the configuration
17:28:04:511  INFO 17340 --- [main] org.reflections.Reflections              : Reflections took 4 ms to scan 1 urls, producing 1 keys and 5 values 
17:28:04:520  INFO 17340 --- [main] org.reflections.Reflections              : Reflections took 8 ms to scan 1 urls, producing 1 keys and 7 values 
17:28:04:527  INFO 17340 --- [main] org.reflections.Reflections              : Reflections took 5 ms to scan 1 urls, producing 2 keys and 8 values 
17:28:04:529  WARN 17340 --- [main] org.reflections.Reflections              : given scan urls are empty. set urls in the configuration
17:28:04:529  INFO 17340 --- [main] com.alibaba.nacos.common.remote.client   : [e7556e8c-7bec-4c64-bf73-3f97fd1c7c6b] RpcClient init label, labels = {module=naming, source=sdk}
17:28:04:530  INFO 17340 --- [main] com.alibaba.nacos.common.remote.client   : [e7556e8c-7bec-4c64-bf73-3f97fd1c7c6b] RpcClient init, ServerListFactory = com.alibaba.nacos.client.naming.core.ServerListManager
17:28:04:530  INFO 17340 --- [main] com.alibaba.nacos.common.remote.client   : [e7556e8c-7bec-4c64-bf73-3f97fd1c7c6b] Registry connection listener to current client:com.alibaba.nacos.client.naming.remote.gprc.redo.NamingGrpcRedoService
17:28:04:531  INFO 17340 --- [main] com.alibaba.nacos.common.remote.client   : [e7556e8c-7bec-4c64-bf73-3f97fd1c7c6b] Register server push request handler:com.alibaba.nacos.client.naming.remote.gprc.NamingPushRequestHandler
17:28:04:531  INFO 17340 --- [main] com.alibaba.nacos.common.remote.client   : [e7556e8c-7bec-4c64-bf73-3f97fd1c7c6b] Try to connect to server on start up, server: {serverIp = '172.16.1.12', server main port = 8848}
17:28:05:121  INFO 17340 --- [main] com.alibaba.nacos.common.remote.client   : [e7556e8c-7bec-4c64-bf73-3f97fd1c7c6b] Success to connect to server [172.16.1.12:8848] on start up, connectionId = 1759635141319_172.16.1.1_63550
17:28:05:122  INFO 17340 --- [com.alibaba.nacos.client.remote.worker] com.alibaba.nacos.common.remote.client   : [e7556e8c-7bec-4c64-bf73-3f97fd1c7c6b] Notify connected event to listeners.
17:28:05:122  INFO 17340 --- [main] com.alibaba.nacos.common.remote.client   : [e7556e8c-7bec-4c64-bf73-3f97fd1c7c6b] Register server push request handler:com.alibaba.nacos.common.remote.client.RpcClient$ConnectResetRequestHandler
17:28:05:122  INFO 17340 --- [main] com.alibaba.nacos.common.remote.client   : [e7556e8c-7bec-4c64-bf73-3f97fd1c7c6b] Register server push request handler:com.alibaba.nacos.common.remote.client.RpcClient$$Lambda/0x000001f6017beb90
17:28:05:157  INFO 17340 --- [main] o.s.b.w.embedded.tomcat.TomcatWebServer  : Tomcat started on port(s): 8086 (http) with context path ''
17:28:05:163  INFO 17340 --- [main] c.a.c.n.registry.NacosServiceRegistry    : nacos registry, DEFAULT_GROUP pay-service 26.140.23.124:8086 register finished
17:28:05:669  INFO 17340 --- [nacos-grpc-client-executor-7] com.alibaba.nacos.common.remote.client   : [e7556e8c-7bec-4c64-bf73-3f97fd1c7c6b] Receive server push request, request = NotifySubscriberRequest, requestId = 6
17:28:05:672  INFO 17340 --- [nacos-grpc-client-executor-7] com.alibaba.nacos.common.remote.client   : [e7556e8c-7bec-4c64-bf73-3f97fd1c7c6b] Ack server push request, request = NotifySubscriberRequest, requestId = 6
17:28:06:184  INFO 17340 --- [main] o.s.cloud.commons.util.InetUtils         : Cannot determine local hostname
17:28:06:184  INFO 17340 --- [main] d.s.w.p.DocumentationPluginsBootstrapper : Documentation plugins bootstrapped
17:28:06:186  INFO 17340 --- [main] d.s.w.p.DocumentationPluginsBootstrapper : Found 1 custom documentation plugin(s)
17:28:06:197  INFO 17340 --- [main] s.d.s.w.s.ApiListingReferenceScanner     : Scanning for api listing references
17:28:06:204  INFO 17340 --- [main] com.hmall.pay.PayApplication             : Started PayApplication in 6.933 seconds (JVM running for 7.612)
17:28:12:004  INFO 17340 --- [http-nio-8086-exec-1] o.a.c.c.C.[Tomcat].[localhost].[/]       : Initializing Spring DispatcherServlet 'dispatcherServlet'
17:28:12:005  INFO 17340 --- [http-nio-8086-exec-1] o.s.web.servlet.DispatcherServlet        : Initializing Servlet 'dispatcherServlet'
17:28:12:005  INFO 17340 --- [http-nio-8086-exec-1] o.s.web.servlet.DispatcherServlet        : Completed initialization in 0 ms
17:28:47:839  WARN 17340 --- [Thread-4] c.a.nacos.common.notify.NotifyCenter     : [NotifyCenter] Start destroying Publisher
17:28:47:839  WARN 17340 --- [Thread-7] c.a.n.common.http.HttpClientBeanHolder   : [HttpClientBeanHolder] Start destroying common HttpClient
17:28:47:839  WARN 17340 --- [Thread-4] c.a.nacos.common.notify.NotifyCenter     : [NotifyCenter] Destruction of the end
17:28:47:839  WARN 17340 --- [Thread-7] c.a.n.common.http.HttpClientBeanHolder   : [HttpClientBeanHolder] Destruction of the end
17:28:47:855  INFO 17340 --- [SpringApplicationShutdownHook] c.a.c.n.registry.NacosServiceRegistry    : De-registering from Nacos Server now...
17:28:47:858  INFO 17340 --- [SpringApplicationShutdownHook] c.a.c.n.registry.NacosServiceRegistry    : De-registration finished.
17:28:48:191  INFO 17340 --- [SpringApplicationShutdownHook] com.alibaba.nacos.common.remote.client   : Shutdown rpc client, set status to shutdown
17:28:48:191  INFO 17340 --- [SpringApplicationShutdownHook] com.alibaba.nacos.common.remote.client   : Shutdown client event executor java.util.concurrent.ScheduledThreadPoolExecutor@65a2755e[Running, pool size = 2, active threads = 2, queued tasks = 0, completed tasks = 0]
17:28:48:192  INFO 17340 --- [SpringApplicationShutdownHook] com.alibaba.nacos.common.remote.client   : Close current connection 1759635141319_172.16.1.1_63550
17:28:48:193  INFO 17340 --- [nacos-grpc-client-executor-20] c.a.n.c.remote.client.grpc.GrpcClient    : [1759635141319_172.16.1.1_63550]Ignore complete event,isRunning:false,isAbandon=false
17:28:48:194  INFO 17340 --- [SpringApplicationShutdownHook] c.a.n.c.remote.client.grpc.GrpcClient    : Shutdown grpc executor java.util.concurrent.ThreadPoolExecutor@999cd18[Running, pool size = 6, active threads = 0, queued tasks = 0, completed tasks = 21]
17:36:14:358  INFO 11520 --- [main] com.hmall.pay.PayApplication             : Starting PayApplication using Java 21.0.8 on LAPTOP-F9DK7HAO with PID 11520 (D:\BaiduNetdiskDownload\SpringCloudNew\day03\hmall\pay-service\target\classes started by h1187 in D:\BaiduNetdiskDownload\SpringCloudNew\day03\hmall)
17:36:14:360 DEBUG 11520 --- [main] com.hmall.pay.PayApplication             : Running with Spring Boot v2.7.12, Spring v5.3.27
17:36:14:360  INFO 11520 --- [main] com.hmall.pay.PayApplication             : The following 1 profile is active: "local"
17:36:15:048  INFO 11520 --- [main] o.s.cloud.context.scope.GenericScope     : BeanFactory id=8f683835-340a-3e3e-8a45-7ad4f7be9841
17:36:15:366  INFO 11520 --- [main] o.s.b.w.embedded.tomcat.TomcatWebServer  : Tomcat initialized with port(s): 8086 (http)
17:36:15:372  INFO 11520 --- [main] o.apache.catalina.core.StandardService   : Starting service [Tomcat]
17:36:15:372  INFO 11520 --- [main] org.apache.catalina.core.StandardEngine  : Starting Servlet engine: [Apache Tomcat/9.0.75]
17:36:15:559  INFO 11520 --- [main] o.a.c.c.C.[Tomcat].[localhost].[/]       : Initializing Spring embedded WebApplicationContext
17:36:15:559  INFO 11520 --- [main] w.s.c.ServletWebServerApplicationContext : Root WebApplicationContext: initialization completed in 1166 ms
17:36:15:681  INFO 11520 --- [main] o.s.c.openfeign.FeignClientFactoryBean   : For 'trade-service' URL not provided. Will try picking an instance via load-balancing.
17:36:15:728  INFO 11520 --- [main] o.s.c.openfeign.FeignClientFactoryBean   : For 'user-service' URL not provided. Will try picking an instance via load-balancing.
17:36:17:162  INFO 11520 --- [main] o.s.cloud.commons.util.InetUtils         : Cannot determine local hostname
17:36:17:181  INFO 11520 --- [main] pertySourcedRequestMappingHandlerMapping : Mapped URL path [/v2/api-docs] onto method [springfox.documentation.swagger2.web.Swagger2ControllerWebMvc#getDocumentation(String, HttpServletRequest)]
17:36:18:220  INFO 11520 --- [main] o.s.cloud.commons.util.InetUtils         : Cannot determine local hostname
17:36:18:411  INFO 11520 --- [main] com.alibaba.nacos.common.remote.client   : [RpcClientFactory] create a new rpc client of 85ceb449-5d0c-4696-a814-12640b34e475
17:36:18:459  INFO 11520 --- [main] org.reflections.Reflections              : Reflections took 22 ms to scan 1 urls, producing 3 keys and 6 values 
17:36:18:476  INFO 11520 --- [main] org.reflections.Reflections              : Reflections took 6 ms to scan 1 urls, producing 4 keys and 9 values 
17:36:18:482  INFO 11520 --- [main] org.reflections.Reflections              : Reflections took 4 ms to scan 1 urls, producing 3 keys and 10 values 
17:36:18:483  WARN 11520 --- [main] org.reflections.Reflections              : given scan urls are empty. set urls in the configuration
17:36:18:488  INFO 11520 --- [main] org.reflections.Reflections              : Reflections took 4 ms to scan 1 urls, producing 1 keys and 5 values 
17:36:18:498  INFO 11520 --- [main] org.reflections.Reflections              : Reflections took 9 ms to scan 1 urls, producing 1 keys and 7 values 
17:36:18:505  INFO 11520 --- [main] org.reflections.Reflections              : Reflections took 5 ms to scan 1 urls, producing 2 keys and 8 values 
17:36:18:507  WARN 11520 --- [main] org.reflections.Reflections              : given scan urls are empty. set urls in the configuration
17:36:18:507  INFO 11520 --- [main] com.alibaba.nacos.common.remote.client   : [85ceb449-5d0c-4696-a814-12640b34e475] RpcClient init label, labels = {module=naming, source=sdk}
17:36:18:509  INFO 11520 --- [main] com.alibaba.nacos.common.remote.client   : [85ceb449-5d0c-4696-a814-12640b34e475] RpcClient init, ServerListFactory = com.alibaba.nacos.client.naming.core.ServerListManager
17:36:18:509  INFO 11520 --- [main] com.alibaba.nacos.common.remote.client   : [85ceb449-5d0c-4696-a814-12640b34e475] Registry connection listener to current client:com.alibaba.nacos.client.naming.remote.gprc.redo.NamingGrpcRedoService
17:36:18:509  INFO 11520 --- [main] com.alibaba.nacos.common.remote.client   : [85ceb449-5d0c-4696-a814-12640b34e475] Register server push request handler:com.alibaba.nacos.client.naming.remote.gprc.NamingPushRequestHandler
17:36:18:510  INFO 11520 --- [main] com.alibaba.nacos.common.remote.client   : [85ceb449-5d0c-4696-a814-12640b34e475] Try to connect to server on start up, server: {serverIp = '172.16.1.12', server main port = 8848}
17:36:19:175  INFO 11520 --- [main] com.alibaba.nacos.common.remote.client   : [85ceb449-5d0c-4696-a814-12640b34e475] Success to connect to server [172.16.1.12:8848] on start up, connectionId = 1759635676559_172.16.1.1_63974
17:36:19:175  INFO 11520 --- [com.alibaba.nacos.client.remote.worker] com.alibaba.nacos.common.remote.client   : [85ceb449-5d0c-4696-a814-12640b34e475] Notify connected event to listeners.
17:36:19:176  INFO 11520 --- [main] com.alibaba.nacos.common.remote.client   : [85ceb449-5d0c-4696-a814-12640b34e475] Register server push request handler:com.alibaba.nacos.common.remote.client.RpcClient$ConnectResetRequestHandler
17:36:19:176  INFO 11520 --- [main] com.alibaba.nacos.common.remote.client   : [85ceb449-5d0c-4696-a814-12640b34e475] Register server push request handler:com.alibaba.nacos.common.remote.client.RpcClient$$Lambda/0x000002e4107dc7f0
17:36:19:212  INFO 11520 --- [main] o.s.b.w.embedded.tomcat.TomcatWebServer  : Tomcat started on port(s): 8086 (http) with context path ''
17:36:19:218  INFO 11520 --- [main] c.a.c.n.registry.NacosServiceRegistry    : nacos registry, DEFAULT_GROUP pay-service 26.140.23.124:8086 register finished
17:36:19:684  INFO 11520 --- [nacos-grpc-client-executor-7] com.alibaba.nacos.common.remote.client   : [85ceb449-5d0c-4696-a814-12640b34e475] Receive server push request, request = NotifySubscriberRequest, requestId = 7
17:36:19:686  INFO 11520 --- [nacos-grpc-client-executor-7] com.alibaba.nacos.common.remote.client   : [85ceb449-5d0c-4696-a814-12640b34e475] Ack server push request, request = NotifySubscriberRequest, requestId = 7
17:36:20:235  INFO 11520 --- [main] o.s.cloud.commons.util.InetUtils         : Cannot determine local hostname
17:36:20:236  INFO 11520 --- [main] d.s.w.p.DocumentationPluginsBootstrapper : Documentation plugins bootstrapped
17:36:20:237  INFO 11520 --- [main] d.s.w.p.DocumentationPluginsBootstrapper : Found 1 custom documentation plugin(s)
17:36:20:249  INFO 11520 --- [main] s.d.s.w.s.ApiListingReferenceScanner     : Scanning for api listing references
17:36:20:302  INFO 11520 --- [main] com.hmall.pay.PayApplication             : Started PayApplication in 7.324 seconds (JVM running for 8.061)
17:36:24:224  INFO 11520 --- [http-nio-8086-exec-1] o.a.c.c.C.[Tomcat].[localhost].[/]       : Initializing Spring DispatcherServlet 'dispatcherServlet'
17:36:24:225  INFO 11520 --- [http-nio-8086-exec-1] o.s.web.servlet.DispatcherServlet        : Initializing Servlet 'dispatcherServlet'
17:36:24:225  INFO 11520 --- [http-nio-8086-exec-1] o.s.web.servlet.DispatcherServlet        : Completed initialization in 0 ms
17:36:49:623  WARN 11520 --- [http-nio-8086-exec-4] o.s.c.l.core.RoundRobinLoadBalancer      : No servers available for service: trade-service
17:36:49:623  WARN 11520 --- [http-nio-8086-exec-4] .s.c.o.l.FeignBlockingLoadBalancerClient : Load balancer does not contain an instance for the service trade-service
17:36:49:631 ERROR 11520 --- [http-nio-8086-exec-4] o.a.c.c.C.[.[.[/].[dispatcherServlet]    : Servlet.service() for servlet [dispatcherServlet] in context with path [] threw exception [Request processing failed; nested exception is feign.FeignException$ServiceUnavailable: [503] during [GET] to [http://trade-service/orders/1658455441987891201] [TradeClient#queryOrderById(Long)]: [Load balancer does not contain an instance for the service trade-service]] with root cause

feign.FeignException$ServiceUnavailable: [503] during [GET] to [http://trade-service/orders/1658455441987891201] [TradeClient#queryOrderById(Long)]: [Load balancer does not contain an instance for the service trade-service]
	at feign.FeignException.serverErrorStatus(FeignException.java:256) ~[feign-core-11.8.jar:na]
	at feign.FeignException.errorStatus(FeignException.java:197) ~[feign-core-11.8.jar:na]
	at feign.FeignException.errorStatus(FeignException.java:185) ~[feign-core-11.8.jar:na]
	at feign.codec.ErrorDecoder$Default.decode(ErrorDecoder.java:92) ~[feign-core-11.8.jar:na]
	at feign.AsyncResponseHandler.handleResponse(AsyncResponseHandler.java:96) ~[feign-core-11.8.jar:na]
	at feign.SynchronousMethodHandler.executeAndDecode(SynchronousMethodHandler.java:138) ~[feign-core-11.8.jar:na]
	at feign.SynchronousMethodHandler.invoke(SynchronousMethodHandler.java:89) ~[feign-core-11.8.jar:na]
	at feign.ReflectiveFeign$FeignInvocationHandler.invoke(ReflectiveFeign.java:100) ~[feign-core-11.8.jar:na]
	at jdk.proxy2/jdk.proxy2.$Proxy104.queryOrderById(Unknown Source) ~[na:na]
	at com.hmall.pay.controller.OrderController.queryOrderById(OrderController.java:24) ~[classes/:na]
	at java.base/jdk.internal.reflect.DirectMethodHandleAccessor.invoke(DirectMethodHandleAccessor.java:103) ~[na:na]
	at java.base/java.lang.reflect.Method.invoke(Method.java:580) ~[na:na]
	at org.springframework.web.method.support.InvocableHandlerMethod.doInvoke(InvocableHandlerMethod.java:205) ~[spring-web-5.3.27.jar:5.3.27]
	at org.springframework.web.method.support.InvocableHandlerMethod.invokeForRequest(InvocableHandlerMethod.java:150) ~[spring-web-5.3.27.jar:5.3.27]
	at org.springframework.web.servlet.mvc.method.annotation.ServletInvocableHandlerMethod.invokeAndHandle(ServletInvocableHandlerMethod.java:117) ~[spring-webmvc-5.3.27.jar:5.3.27]
	at org.springframework.web.servlet.mvc.method.annotation.RequestMappingHandlerAdapter.invokeHandlerMethod(RequestMappingHandlerAdapter.java:895) ~[spring-webmvc-5.3.27.jar:5.3.27]
	at org.springframework.web.servlet.mvc.method.annotation.RequestMappingHandlerAdapter.handleInternal(RequestMappingHandlerAdapter.java:808) ~[spring-webmvc-5.3.27.jar:5.3.27]
	at org.springframework.web.servlet.mvc.method.AbstractHandlerMethodAdapter.handle(AbstractHandlerMethodAdapter.java:87) ~[spring-webmvc-5.3.27.jar:5.3.27]
	at org.springframework.web.servlet.DispatcherServlet.doDispatch(DispatcherServlet.java:1072) ~[spring-webmvc-5.3.27.jar:5.3.27]
	at org.springframework.web.servlet.DispatcherServlet.doService(DispatcherServlet.java:965) ~[spring-webmvc-5.3.27.jar:5.3.27]
	at org.springframework.web.servlet.FrameworkServlet.processRequest(FrameworkServlet.java:1006) ~[spring-webmvc-5.3.27.jar:5.3.27]
	at org.springframework.web.servlet.FrameworkServlet.doGet(FrameworkServlet.java:898) ~[spring-webmvc-5.3.27.jar:5.3.27]
	at javax.servlet.http.HttpServlet.service(HttpServlet.java:529) ~[tomcat-embed-core-9.0.75.jar:4.0.FR]
	at org.springframework.web.servlet.FrameworkServlet.service(FrameworkServlet.java:883) ~[spring-webmvc-5.3.27.jar:5.3.27]
	at javax.servlet.http.HttpServlet.service(HttpServlet.java:623) ~[tomcat-embed-core-9.0.75.jar:4.0.FR]
	at org.apache.catalina.core.ApplicationFilterChain.internalDoFilter(ApplicationFilterChain.java:209) ~[tomcat-embed-core-9.0.75.jar:9.0.75]
	at org.apache.catalina.core.ApplicationFilterChain.doFilter(ApplicationFilterChain.java:153) ~[tomcat-embed-core-9.0.75.jar:9.0.75]
	at org.apache.tomcat.websocket.server.WsFilter.doFilter(WsFilter.java:51) ~[tomcat-embed-websocket-9.0.75.jar:9.0.75]
	at org.apache.catalina.core.ApplicationFilterChain.internalDoFilter(ApplicationFilterChain.java:178) ~[tomcat-embed-core-9.0.75.jar:9.0.75]
	at org.apache.catalina.core.ApplicationFilterChain.doFilter(ApplicationFilterChain.java:153) ~[tomcat-embed-core-9.0.75.jar:9.0.75]
	at org.springframework.web.filter.RequestContextFilter.doFilterInternal(RequestContextFilter.java:100) ~[spring-web-5.3.27.jar:5.3.27]
	at org.springframework.web.filter.OncePerRequestFilter.doFilter(OncePerRequestFilter.java:117) ~[spring-web-5.3.27.jar:5.3.27]
	at org.apache.catalina.core.ApplicationFilterChain.internalDoFilter(ApplicationFilterChain.java:178) ~[tomcat-embed-core-9.0.75.jar:9.0.75]
	at org.apache.catalina.core.ApplicationFilterChain.doFilter(ApplicationFilterChain.java:153) ~[tomcat-embed-core-9.0.75.jar:9.0.75]
	at org.springframework.web.filter.FormContentFilter.doFilterInternal(FormContentFilter.java:93) ~[spring-web-5.3.27.jar:5.3.27]
	at org.springframework.web.filter.OncePerRequestFilter.doFilter(OncePerRequestFilter.java:117) ~[spring-web-5.3.27.jar:5.3.27]
	at org.apache.catalina.core.ApplicationFilterChain.internalDoFilter(ApplicationFilterChain.java:178) ~[tomcat-embed-core-9.0.75.jar:9.0.75]
	at org.apache.catalina.core.ApplicationFilterChain.doFilter(ApplicationFilterChain.java:153) ~[tomcat-embed-core-9.0.75.jar:9.0.75]
	at org.springframework.web.filter.CharacterEncodingFilter.doFilterInternal(CharacterEncodingFilter.java:201) ~[spring-web-5.3.27.jar:5.3.27]
	at org.springframework.web.filter.OncePerRequestFilter.doFilter(OncePerRequestFilter.java:117) ~[spring-web-5.3.27.jar:5.3.27]
	at org.apache.catalina.core.ApplicationFilterChain.internalDoFilter(ApplicationFilterChain.java:178) ~[tomcat-embed-core-9.0.75.jar:9.0.75]
	at org.apache.catalina.core.ApplicationFilterChain.doFilter(ApplicationFilterChain.java:153) ~[tomcat-embed-core-9.0.75.jar:9.0.75]
	at org.apache.catalina.core.StandardWrapperValve.invoke(StandardWrapperValve.java:167) ~[tomcat-embed-core-9.0.75.jar:9.0.75]
	at org.apache.catalina.core.StandardContextValve.invoke(StandardContextValve.java:90) ~[tomcat-embed-core-9.0.75.jar:9.0.75]
	at org.apache.catalina.authenticator.AuthenticatorBase.invoke(AuthenticatorBase.java:481) ~[tomcat-embed-core-9.0.75.jar:9.0.75]
	at org.apache.catalina.core.StandardHostValve.invoke(StandardHostValve.java:130) ~[tomcat-embed-core-9.0.75.jar:9.0.75]
	at org.apache.catalina.valves.ErrorReportValve.invoke(ErrorReportValve.java:93) ~[tomcat-embed-core-9.0.75.jar:9.0.75]
	at org.apache.catalina.core.StandardEngineValve.invoke(StandardEngineValve.java:74) ~[tomcat-embed-core-9.0.75.jar:9.0.75]
	at org.apache.catalina.connector.CoyoteAdapter.service(CoyoteAdapter.java:343) ~[tomcat-embed-core-9.0.75.jar:9.0.75]
	at org.apache.coyote.http11.Http11Processor.service(Http11Processor.java:390) ~[tomcat-embed-core-9.0.75.jar:9.0.75]
	at org.apache.coyote.AbstractProcessorLight.process(AbstractProcessorLight.java:63) ~[tomcat-embed-core-9.0.75.jar:9.0.75]
	at org.apache.coyote.AbstractProtocol$ConnectionHandler.process(AbstractProtocol.java:926) ~[tomcat-embed-core-9.0.75.jar:9.0.75]
	at org.apache.tomcat.util.net.NioEndpoint$SocketProcessor.doRun(NioEndpoint.java:1791) ~[tomcat-embed-core-9.0.75.jar:9.0.75]
	at org.apache.tomcat.util.net.SocketProcessorBase.run(SocketProcessorBase.java:52) ~[tomcat-embed-core-9.0.75.jar:9.0.75]
	at org.apache.tomcat.util.threads.ThreadPoolExecutor.runWorker(ThreadPoolExecutor.java:1191) ~[tomcat-embed-core-9.0.75.jar:9.0.75]
	at org.apache.tomcat.util.threads.ThreadPoolExecutor$Worker.run(ThreadPoolExecutor.java:659) ~[tomcat-embed-core-9.0.75.jar:9.0.75]
	at org.apache.tomcat.util.threads.TaskThread$WrappingRunnable.run(TaskThread.java:61) ~[tomcat-embed-core-9.0.75.jar:9.0.75]
	at java.base/java.lang.Thread.run(Thread.java:1583) ~[na:na]

17:36:50:101  INFO 11520 --- [nacos-grpc-client-executor-16] com.alibaba.nacos.common.remote.client   : [85ceb449-5d0c-4696-a814-12640b34e475] Receive server push request, request = NotifySubscriberRequest, requestId = 8
17:36:50:101  INFO 11520 --- [nacos-grpc-client-executor-16] com.alibaba.nacos.common.remote.client   : [85ceb449-5d0c-4696-a814-12640b34e475] Ack server push request, request = NotifySubscriberRequest, requestId = 8
17:37:45:148  WARN 11520 --- [Thread-4] c.a.nacos.common.notify.NotifyCenter     : [NotifyCenter] Start destroying Publisher
17:37:45:148  WARN 11520 --- [Thread-7] c.a.n.common.http.HttpClientBeanHolder   : [HttpClientBeanHolder] Start destroying common HttpClient
17:37:45:149  WARN 11520 --- [Thread-4] c.a.nacos.common.notify.NotifyCenter     : [NotifyCenter] Destruction of the end
17:37:45:150  WARN 11520 --- [Thread-7] c.a.n.common.http.HttpClientBeanHolder   : [HttpClientBeanHolder] Destruction of the end
17:37:45:170  INFO 11520 --- [SpringApplicationShutdownHook] c.a.c.n.registry.NacosServiceRegistry    : De-registering from Nacos Server now...
17:37:45:173  INFO 11520 --- [SpringApplicationShutdownHook] c.a.c.n.registry.NacosServiceRegistry    : De-registration finished.
17:37:45:496  INFO 11520 --- [SpringApplicationShutdownHook] com.alibaba.nacos.common.remote.client   : Shutdown rpc client, set status to shutdown
17:37:45:496  INFO 11520 --- [SpringApplicationShutdownHook] com.alibaba.nacos.common.remote.client   : Shutdown client event executor java.util.concurrent.ScheduledThreadPoolExecutor@4d0b276e[Running, pool size = 2, active threads = 2, queued tasks = 0, completed tasks = 0]
17:37:45:496  INFO 11520 --- [SpringApplicationShutdownHook] com.alibaba.nacos.common.remote.client   : Close current connection 1759635676559_172.16.1.1_63974
17:37:45:497  INFO 11520 --- [nacos-grpc-client-executor-34] c.a.n.c.remote.client.grpc.GrpcClient    : [1759635676559_172.16.1.1_63974]Ignore complete event,isRunning:false,isAbandon=false
17:37:45:500  INFO 11520 --- [SpringApplicationShutdownHook] c.a.n.c.remote.client.grpc.GrpcClient    : Shutdown grpc executor java.util.concurrent.ThreadPoolExecutor@eb695e8[Running, pool size = 6, active threads = 0, queued tasks = 0, completed tasks = 35]
17:41:14:041  INFO 8788 --- [main] com.hmall.pay.PayApplication             : Starting PayApplication using Java 21.0.8 on LAPTOP-F9DK7HAO with PID 8788 (D:\BaiduNetdiskDownload\SpringCloudNew\day03\hmall\pay-service\target\classes started by h1187 in D:\BaiduNetdiskDownload\SpringCloudNew\day03\hmall)
17:41:14:044 DEBUG 8788 --- [main] com.hmall.pay.PayApplication             : Running with Spring Boot v2.7.12, Spring v5.3.27
17:41:14:045  INFO 8788 --- [main] com.hmall.pay.PayApplication             : The following 1 profile is active: "local"
17:41:14:684  INFO 8788 --- [main] o.s.cloud.context.scope.GenericScope     : BeanFactory id=faa29444-5149-3828-94e3-eb4a6a74c74d
17:41:14:950  INFO 8788 --- [main] o.s.b.w.embedded.tomcat.TomcatWebServer  : Tomcat initialized with port(s): 8086 (http)
17:41:14:956  INFO 8788 --- [main] o.apache.catalina.core.StandardService   : Starting service [Tomcat]
17:41:14:956  INFO 8788 --- [main] org.apache.catalina.core.StandardEngine  : Starting Servlet engine: [Apache Tomcat/9.0.75]
17:41:15:137  INFO 8788 --- [main] o.a.c.c.C.[Tomcat].[localhost].[/]       : Initializing Spring embedded WebApplicationContext
17:41:15:137  INFO 8788 --- [main] w.s.c.ServletWebServerApplicationContext : Root WebApplicationContext: initialization completed in 1051 ms
17:41:15:264  INFO 8788 --- [main] o.s.c.openfeign.FeignClientFactoryBean   : For 'user-service' URL not provided. Will try picking an instance via load-balancing.
17:41:15:292  INFO 8788 --- [main] o.s.c.openfeign.FeignClientFactoryBean   : For 'trade-service' URL not provided. Will try picking an instance via load-balancing.
17:41:16:690  INFO 8788 --- [main] o.s.cloud.commons.util.InetUtils         : Cannot determine local hostname
17:41:16:707  INFO 8788 --- [main] pertySourcedRequestMappingHandlerMapping : Mapped URL path [/v2/api-docs] onto method [springfox.documentation.swagger2.web.Swagger2ControllerWebMvc#getDocumentation(String, HttpServletRequest)]
17:41:17:756  INFO 8788 --- [main] o.s.cloud.commons.util.InetUtils         : Cannot determine local hostname
17:41:17:892  INFO 8788 --- [main] com.alibaba.nacos.common.remote.client   : [RpcClientFactory] create a new rpc client of 73a8fc69-febd-4b14-bda4-9b27aa9a4290
17:41:17:927  INFO 8788 --- [main] org.reflections.Reflections              : Reflections took 17 ms to scan 1 urls, producing 3 keys and 6 values 
17:41:17:941  INFO 8788 --- [main] org.reflections.Reflections              : Reflections took 6 ms to scan 1 urls, producing 4 keys and 9 values 
17:41:17:947  INFO 8788 --- [main] org.reflections.Reflections              : Reflections took 5 ms to scan 1 urls, producing 3 keys and 10 values 
17:41:17:948  WARN 8788 --- [main] org.reflections.Reflections              : given scan urls are empty. set urls in the configuration
17:41:17:953  INFO 8788 --- [main] org.reflections.Reflections              : Reflections took 4 ms to scan 1 urls, producing 1 keys and 5 values 
17:41:17:964  INFO 8788 --- [main] org.reflections.Reflections              : Reflections took 10 ms to scan 1 urls, producing 1 keys and 7 values 
17:41:17:971  INFO 8788 --- [main] org.reflections.Reflections              : Reflections took 5 ms to scan 1 urls, producing 2 keys and 8 values 
17:41:17:972  WARN 8788 --- [main] org.reflections.Reflections              : given scan urls are empty. set urls in the configuration
17:41:17:972  INFO 8788 --- [main] com.alibaba.nacos.common.remote.client   : [73a8fc69-febd-4b14-bda4-9b27aa9a4290] RpcClient init label, labels = {module=naming, source=sdk}
17:41:17:974  INFO 8788 --- [main] com.alibaba.nacos.common.remote.client   : [73a8fc69-febd-4b14-bda4-9b27aa9a4290] RpcClient init, ServerListFactory = com.alibaba.nacos.client.naming.core.ServerListManager
17:41:17:974  INFO 8788 --- [main] com.alibaba.nacos.common.remote.client   : [73a8fc69-febd-4b14-bda4-9b27aa9a4290] Registry connection listener to current client:com.alibaba.nacos.client.naming.remote.gprc.redo.NamingGrpcRedoService
17:41:17:975  INFO 8788 --- [main] com.alibaba.nacos.common.remote.client   : [73a8fc69-febd-4b14-bda4-9b27aa9a4290] Register server push request handler:com.alibaba.nacos.client.naming.remote.gprc.NamingPushRequestHandler
17:41:17:975  INFO 8788 --- [main] com.alibaba.nacos.common.remote.client   : [73a8fc69-febd-4b14-bda4-9b27aa9a4290] Try to connect to server on start up, server: {serverIp = '172.16.1.12', server main port = 8848}
17:41:18:560  INFO 8788 --- [main] com.alibaba.nacos.common.remote.client   : [73a8fc69-febd-4b14-bda4-9b27aa9a4290] Success to connect to server [172.16.1.12:8848] on start up, connectionId = 1759636000891_172.16.1.1_64102
17:41:18:560  INFO 8788 --- [com.alibaba.nacos.client.remote.worker] com.alibaba.nacos.common.remote.client   : [73a8fc69-febd-4b14-bda4-9b27aa9a4290] Notify connected event to listeners.
17:41:18:561  INFO 8788 --- [main] com.alibaba.nacos.common.remote.client   : [73a8fc69-febd-4b14-bda4-9b27aa9a4290] Register server push request handler:com.alibaba.nacos.common.remote.client.RpcClient$ConnectResetRequestHandler
17:41:18:561  INFO 8788 --- [main] com.alibaba.nacos.common.remote.client   : [73a8fc69-febd-4b14-bda4-9b27aa9a4290] Register server push request handler:com.alibaba.nacos.common.remote.client.RpcClient$$Lambda/0x00000156b77dd568
17:41:18:594  INFO 8788 --- [main] o.s.b.w.embedded.tomcat.TomcatWebServer  : Tomcat started on port(s): 8086 (http) with context path ''
17:41:18:599  INFO 8788 --- [main] c.a.c.n.registry.NacosServiceRegistry    : nacos registry, DEFAULT_GROUP pay-service 26.140.23.124:8086 register finished
17:41:19:067  INFO 8788 --- [nacos-grpc-client-executor-8] com.alibaba.nacos.common.remote.client   : [73a8fc69-febd-4b14-bda4-9b27aa9a4290] Receive server push request, request = NotifySubscriberRequest, requestId = 9
17:41:19:070  INFO 8788 --- [nacos-grpc-client-executor-8] com.alibaba.nacos.common.remote.client   : [73a8fc69-febd-4b14-bda4-9b27aa9a4290] Ack server push request, request = NotifySubscriberRequest, requestId = 9
17:41:19:622  INFO 8788 --- [main] o.s.cloud.commons.util.InetUtils         : Cannot determine local hostname
17:41:19:622  INFO 8788 --- [main] d.s.w.p.DocumentationPluginsBootstrapper : Documentation plugins bootstrapped
17:41:19:624  INFO 8788 --- [main] d.s.w.p.DocumentationPluginsBootstrapper : Found 1 custom documentation plugin(s)
17:41:19:636  INFO 8788 --- [main] s.d.s.w.s.ApiListingReferenceScanner     : Scanning for api listing references
17:41:19:685  INFO 8788 --- [main] com.hmall.pay.PayApplication             : Started PayApplication in 6.979 seconds (JVM running for 7.643)
17:41:56:678  INFO 8788 --- [http-nio-8086-exec-1] o.a.c.c.C.[Tomcat].[localhost].[/]       : Initializing Spring DispatcherServlet 'dispatcherServlet'
17:41:56:678  INFO 8788 --- [http-nio-8086-exec-1] o.s.web.servlet.DispatcherServlet        : Initializing Servlet 'dispatcherServlet'
17:41:56:679  INFO 8788 --- [http-nio-8086-exec-1] o.s.web.servlet.DispatcherServlet        : Completed initialization in 1 ms
17:43:12:025  WARN 8788 --- [Thread-4] c.a.nacos.common.notify.NotifyCenter     : [NotifyCenter] Start destroying Publisher
17:43:12:025  WARN 8788 --- [Thread-7] c.a.n.common.http.HttpClientBeanHolder   : [HttpClientBeanHolder] Start destroying common HttpClient
17:43:12:025  WARN 8788 --- [Thread-4] c.a.nacos.common.notify.NotifyCenter     : [NotifyCenter] Destruction of the end
17:43:12:026  WARN 8788 --- [Thread-7] c.a.n.common.http.HttpClientBeanHolder   : [HttpClientBeanHolder] Destruction of the end
17:43:12:042  INFO 8788 --- [SpringApplicationShutdownHook] c.a.c.n.registry.NacosServiceRegistry    : De-registering from Nacos Server now...
17:43:12:048  INFO 8788 --- [SpringApplicationShutdownHook] c.a.c.n.registry.NacosServiceRegistry    : De-registration finished.
17:43:12:375  INFO 8788 --- [SpringApplicationShutdownHook] com.alibaba.nacos.common.remote.client   : Shutdown rpc client, set status to shutdown
17:43:12:375  INFO 8788 --- [SpringApplicationShutdownHook] com.alibaba.nacos.common.remote.client   : Shutdown client event executor java.util.concurrent.ScheduledThreadPoolExecutor@54caeadc[Running, pool size = 2, active threads = 2, queued tasks = 0, completed tasks = 0]
17:43:12:375  INFO 8788 --- [SpringApplicationShutdownHook] com.alibaba.nacos.common.remote.client   : Close current connection 1759636000891_172.16.1.1_64102
17:43:12:377  INFO 8788 --- [nacos-grpc-client-executor-34] c.a.n.c.remote.client.grpc.GrpcClient    : [1759636000891_172.16.1.1_64102]Ignore complete event,isRunning:false,isAbandon=false
17:43:12:378  INFO 8788 --- [SpringApplicationShutdownHook] c.a.n.c.remote.client.grpc.GrpcClient    : Shutdown grpc executor java.util.concurrent.ThreadPoolExecutor@5f01fb5c[Running, pool size = 5, active threads = 0, queued tasks = 0, completed tasks = 35]
17:43:56:555  INFO 21792 --- [main] com.hmall.pay.PayApplication             : Starting PayApplication using Java 21.0.8 on LAPTOP-F9DK7HAO with PID 21792 (D:\BaiduNetdiskDownload\SpringCloudNew\day03\hmall\pay-service\target\classes started by h1187 in D:\BaiduNetdiskDownload\SpringCloudNew\day03\hmall)
17:43:56:556 DEBUG 21792 --- [main] com.hmall.pay.PayApplication             : Running with Spring Boot v2.7.12, Spring v5.3.27
17:43:56:556  INFO 21792 --- [main] com.hmall.pay.PayApplication             : The following 1 profile is active: "local"
17:43:57:183  INFO 21792 --- [main] o.s.cloud.context.scope.GenericScope     : BeanFactory id=faa29444-5149-3828-94e3-eb4a6a74c74d
17:43:57:446  INFO 21792 --- [main] o.s.b.w.embedded.tomcat.TomcatWebServer  : Tomcat initialized with port(s): 8086 (http)
17:43:57:451  INFO 21792 --- [main] o.apache.catalina.core.StandardService   : Starting service [Tomcat]
17:43:57:451  INFO 21792 --- [main] org.apache.catalina.core.StandardEngine  : Starting Servlet engine: [Apache Tomcat/9.0.75]
17:43:57:641  INFO 21792 --- [main] o.a.c.c.C.[Tomcat].[localhost].[/]       : Initializing Spring embedded WebApplicationContext
17:43:57:641  INFO 21792 --- [main] w.s.c.ServletWebServerApplicationContext : Root WebApplicationContext: initialization completed in 1052 ms
17:43:57:760  INFO 21792 --- [main] o.s.c.openfeign.FeignClientFactoryBean   : For 'user-service' URL not provided. Will try picking an instance via load-balancing.
17:43:57:787  INFO 21792 --- [main] o.s.c.openfeign.FeignClientFactoryBean   : For 'trade-service' URL not provided. Will try picking an instance via load-balancing.
17:43:59:195  INFO 21792 --- [main] o.s.cloud.commons.util.InetUtils         : Cannot determine local hostname
17:43:59:212  INFO 21792 --- [main] pertySourcedRequestMappingHandlerMapping : Mapped URL path [/v2/api-docs] onto method [springfox.documentation.swagger2.web.Swagger2ControllerWebMvc#getDocumentation(String, HttpServletRequest)]
17:44:00:260  INFO 21792 --- [main] o.s.cloud.commons.util.InetUtils         : Cannot determine local hostname
17:44:00:401  INFO 21792 --- [main] com.alibaba.nacos.common.remote.client   : [RpcClientFactory] create a new rpc client of 043d8df9-d90a-4b08-86c0-7d3c462a923d
17:44:00:434  INFO 21792 --- [main] org.reflections.Reflections              : Reflections took 17 ms to scan 1 urls, producing 3 keys and 6 values 
17:44:00:449  INFO 21792 --- [main] org.reflections.Reflections              : Reflections took 6 ms to scan 1 urls, producing 4 keys and 9 values 
17:44:00:455  INFO 21792 --- [main] org.reflections.Reflections              : Reflections took 4 ms to scan 1 urls, producing 3 keys and 10 values 
17:44:00:456  WARN 21792 --- [main] org.reflections.Reflections              : given scan urls are empty. set urls in the configuration
17:44:00:461  INFO 21792 --- [main] org.reflections.Reflections              : Reflections took 4 ms to scan 1 urls, producing 1 keys and 5 values 
17:44:00:466  INFO 21792 --- [main] org.reflections.Reflections              : Reflections took 4 ms to scan 1 urls, producing 1 keys and 7 values 
17:44:00:475  INFO 21792 --- [main] org.reflections.Reflections              : Reflections took 7 ms to scan 1 urls, producing 2 keys and 8 values 
17:44:00:476  WARN 21792 --- [main] org.reflections.Reflections              : given scan urls are empty. set urls in the configuration
17:44:00:477  INFO 21792 --- [main] com.alibaba.nacos.common.remote.client   : [043d8df9-d90a-4b08-86c0-7d3c462a923d] RpcClient init label, labels = {module=naming, source=sdk}
17:44:00:478  INFO 21792 --- [main] com.alibaba.nacos.common.remote.client   : [043d8df9-d90a-4b08-86c0-7d3c462a923d] RpcClient init, ServerListFactory = com.alibaba.nacos.client.naming.core.ServerListManager
17:44:00:478  INFO 21792 --- [main] com.alibaba.nacos.common.remote.client   : [043d8df9-d90a-4b08-86c0-7d3c462a923d] Registry connection listener to current client:com.alibaba.nacos.client.naming.remote.gprc.redo.NamingGrpcRedoService
17:44:00:478  INFO 21792 --- [main] com.alibaba.nacos.common.remote.client   : [043d8df9-d90a-4b08-86c0-7d3c462a923d] Register server push request handler:com.alibaba.nacos.client.naming.remote.gprc.NamingPushRequestHandler
17:44:00:480  INFO 21792 --- [main] com.alibaba.nacos.common.remote.client   : [043d8df9-d90a-4b08-86c0-7d3c462a923d] Try to connect to server on start up, server: {serverIp = '172.16.1.12', server main port = 8848}
17:44:01:048  INFO 21792 --- [main] com.alibaba.nacos.common.remote.client   : [043d8df9-d90a-4b08-86c0-7d3c462a923d] Success to connect to server [172.16.1.12:8848] on start up, connectionId = 1759636176930_172.16.1.1_64250
17:44:01:048  INFO 21792 --- [com.alibaba.nacos.client.remote.worker] com.alibaba.nacos.common.remote.client   : [043d8df9-d90a-4b08-86c0-7d3c462a923d] Notify connected event to listeners.
17:44:01:048  INFO 21792 --- [main] com.alibaba.nacos.common.remote.client   : [043d8df9-d90a-4b08-86c0-7d3c462a923d] Register server push request handler:com.alibaba.nacos.common.remote.client.RpcClient$ConnectResetRequestHandler
17:44:01:049  INFO 21792 --- [main] com.alibaba.nacos.common.remote.client   : [043d8df9-d90a-4b08-86c0-7d3c462a923d] Register server push request handler:com.alibaba.nacos.common.remote.client.RpcClient$$Lambda/0x00000201077dba60
17:44:01:080  INFO 21792 --- [main] o.s.b.w.embedded.tomcat.TomcatWebServer  : Tomcat started on port(s): 8086 (http) with context path ''
17:44:01:087  INFO 21792 --- [main] c.a.c.n.registry.NacosServiceRegistry    : nacos registry, DEFAULT_GROUP pay-service 26.140.23.124:8086 register finished
17:44:01:539  INFO 21792 --- [nacos-grpc-client-executor-9] com.alibaba.nacos.common.remote.client   : [043d8df9-d90a-4b08-86c0-7d3c462a923d] Receive server push request, request = NotifySubscriberRequest, requestId = 10
17:44:01:542  INFO 21792 --- [nacos-grpc-client-executor-9] com.alibaba.nacos.common.remote.client   : [043d8df9-d90a-4b08-86c0-7d3c462a923d] Ack server push request, request = NotifySubscriberRequest, requestId = 10
17:44:02:110  INFO 21792 --- [main] o.s.cloud.commons.util.InetUtils         : Cannot determine local hostname
17:44:02:111  INFO 21792 --- [main] d.s.w.p.DocumentationPluginsBootstrapper : Documentation plugins bootstrapped
17:44:02:112  INFO 21792 --- [main] d.s.w.p.DocumentationPluginsBootstrapper : Found 1 custom documentation plugin(s)
17:44:02:126  INFO 21792 --- [main] s.d.s.w.s.ApiListingReferenceScanner     : Scanning for api listing references
17:44:02:178  INFO 21792 --- [main] com.hmall.pay.PayApplication             : Started PayApplication in 6.96 seconds (JVM running for 7.631)
17:45:49:828  INFO 21792 --- [http-nio-8086-exec-1] o.a.c.c.C.[Tomcat].[localhost].[/]       : Initializing Spring DispatcherServlet 'dispatcherServlet'
17:45:49:828  INFO 21792 --- [http-nio-8086-exec-1] o.s.web.servlet.DispatcherServlet        : Initializing Servlet 'dispatcherServlet'
17:45:49:829  INFO 21792 --- [http-nio-8086-exec-1] o.s.web.servlet.DispatcherServlet        : Completed initialization in 1 ms
17:45:54:809  INFO 21792 --- [http-nio-8086-exec-3] com.zaxxer.hikari.HikariDataSource       : HikariPool-1 - Starting...
17:45:55:094  INFO 21792 --- [http-nio-8086-exec-3] com.zaxxer.hikari.HikariDataSource       : HikariPool-1 - Start completed.
17:45:55:100 DEBUG 21792 --- [http-nio-8086-exec-3] c.h.p.mapper.PayOrderMapper.selectList   : ==>  Preparing: SELECT id,biz_order_no,pay_order_no,biz_user_id,pay_channel_code,amount,pay_type,status,expand_json,result_code,result_msg,pay_success_time,pay_over_time,qr_code_url,create_time,update_time,creater,updater,is_delete FROM pay_order
17:45:55:116 DEBUG 21792 --- [http-nio-8086-exec-3] c.h.p.mapper.PayOrderMapper.selectList   : ==> Parameters: 
17:45:55:139 DEBUG 21792 --- [http-nio-8086-exec-3] c.h.p.mapper.PayOrderMapper.selectList   : <==      Total: 2
17:46:12:544  WARN 21792 --- [Thread-7] c.a.n.common.http.HttpClientBeanHolder   : [HttpClientBeanHolder] Start destroying common HttpClient
17:46:12:544  WARN 21792 --- [Thread-4] c.a.nacos.common.notify.NotifyCenter     : [NotifyCenter] Start destroying Publisher
17:46:12:544  WARN 21792 --- [Thread-4] c.a.nacos.common.notify.NotifyCenter     : [NotifyCenter] Destruction of the end
17:46:12:544  WARN 21792 --- [Thread-7] c.a.n.common.http.HttpClientBeanHolder   : [HttpClientBeanHolder] Destruction of the end
17:46:12:561  INFO 21792 --- [SpringApplicationShutdownHook] c.a.c.n.registry.NacosServiceRegistry    : De-registering from Nacos Server now...
17:46:12:565  INFO 21792 --- [SpringApplicationShutdownHook] c.a.c.n.registry.NacosServiceRegistry    : De-registration finished.
17:46:12:885  INFO 21792 --- [SpringApplicationShutdownHook] com.alibaba.nacos.common.remote.client   : Shutdown rpc client, set status to shutdown
17:46:12:885  INFO 21792 --- [SpringApplicationShutdownHook] com.alibaba.nacos.common.remote.client   : Shutdown client event executor java.util.concurrent.ScheduledThreadPoolExecutor@33f81280[Running, pool size = 2, active threads = 2, queued tasks = 0, completed tasks = 0]
17:46:12:885  INFO 21792 --- [SpringApplicationShutdownHook] com.alibaba.nacos.common.remote.client   : Close current connection 1759636176930_172.16.1.1_64250
17:46:12:886  INFO 21792 --- [nacos-grpc-client-executor-41] c.a.n.c.remote.client.grpc.GrpcClient    : [1759636176930_172.16.1.1_64250]Ignore complete event,isRunning:false,isAbandon=false
17:46:12:888  INFO 21792 --- [SpringApplicationShutdownHook] c.a.n.c.remote.client.grpc.GrpcClient    : Shutdown grpc executor java.util.concurrent.ThreadPoolExecutor@d5e3f55[Running, pool size = 4, active threads = 0, queued tasks = 0, completed tasks = 42]
17:46:12:891  INFO 21792 --- [SpringApplicationShutdownHook] com.zaxxer.hikari.HikariDataSource       : HikariPool-1 - Shutdown initiated...
17:46:12:897  INFO 21792 --- [SpringApplicationShutdownHook] com.zaxxer.hikari.HikariDataSource       : HikariPool-1 - Shutdown completed.
