17:07:35:437  INFO 30892 --- [main] com.hmall.user.UserApplication           : Starting UserApplication using Java 21.0.8 on LAPTOP-F9DK7HAO with PID 30892 (D:\BaiduNetdiskDownload\SpringCloudNew\day03\hmall\user-service\target\classes started by h1187 in D:\BaiduNetdiskDownload\SpringCloudNew\day03\hmall)
17:07:35:438 DEBUG 30892 --- [main] com.hmall.user.UserApplication           : Running with Spring Boot v2.7.12, Spring v5.3.27
17:07:35:439  INFO 30892 --- [main] com.hmall.user.UserApplication           : The following 1 profile is active: "local"
17:07:36:064  INFO 30892 --- [main] o.s.cloud.context.scope.GenericScope     : BeanFactory id=5e277b08-f626-36d8-8136-bbc79d7cd3ee
17:07:36:343  INFO 30892 --- [main] o.s.b.w.embedded.tomcat.TomcatWebServer  : Tomcat initialized with port(s): 8084 (http)
17:07:36:351  INFO 30892 --- [main] o.apache.catalina.core.StandardService   : Starting service [Tomcat]
17:07:36:351  INFO 30892 --- [main] org.apache.catalina.core.StandardEngine  : Starting Servlet engine: [Apache Tomcat/9.0.75]
17:07:36:522  INFO 30892 --- [main] o.a.c.c.C.[Tomcat].[localhost].[/]       : Initializing Spring embedded WebApplicationContext
17:07:36:522  INFO 30892 --- [main] w.s.c.ServletWebServerApplicationContext : Root WebApplicationContext: initialization completed in 1055 ms
17:07:38:311  INFO 30892 --- [main] o.s.cloud.commons.util.InetUtils         : Cannot determine local hostname
17:07:38:330  INFO 30892 --- [main] pertySourcedRequestMappingHandlerMapping : Mapped URL path [/v2/api-docs] onto method [springfox.documentation.swagger2.web.Swagger2ControllerWebMvc#getDocumentation(String, HttpServletRequest)]
17:07:39:372  INFO 30892 --- [main] o.s.cloud.commons.util.InetUtils         : Cannot determine local hostname
17:07:39:536  INFO 30892 --- [main] com.alibaba.nacos.common.remote.client   : [RpcClientFactory] create a new rpc client of f7c562b8-20a7-49e1-a445-fa042492ab7b
17:07:39:578  INFO 30892 --- [main] org.reflections.Reflections              : Reflections took 22 ms to scan 1 urls, producing 3 keys and 6 values 
17:07:39:595  INFO 30892 --- [main] org.reflections.Reflections              : Reflections took 6 ms to scan 1 urls, producing 4 keys and 9 values 
17:07:39:601  INFO 30892 --- [main] org.reflections.Reflections              : Reflections took 4 ms to scan 1 urls, producing 3 keys and 10 values 
17:07:39:603  WARN 30892 --- [main] org.reflections.Reflections              : given scan urls are empty. set urls in the configuration
17:07:39:607  INFO 30892 --- [main] org.reflections.Reflections              : Reflections took 4 ms to scan 1 urls, producing 1 keys and 5 values 
17:07:39:613  INFO 30892 --- [main] org.reflections.Reflections              : Reflections took 5 ms to scan 1 urls, producing 1 keys and 7 values 
17:07:39:618  INFO 30892 --- [main] org.reflections.Reflections              : Reflections took 4 ms to scan 1 urls, producing 2 keys and 8 values 
17:07:39:619  WARN 30892 --- [main] org.reflections.Reflections              : given scan urls are empty. set urls in the configuration
17:07:39:620  INFO 30892 --- [main] com.alibaba.nacos.common.remote.client   : [f7c562b8-20a7-49e1-a445-fa042492ab7b] RpcClient init label, labels = {module=naming, source=sdk}
17:07:39:621  INFO 30892 --- [main] com.alibaba.nacos.common.remote.client   : [f7c562b8-20a7-49e1-a445-fa042492ab7b] RpcClient init, ServerListFactory = com.alibaba.nacos.client.naming.core.ServerListManager
17:07:39:621  INFO 30892 --- [main] com.alibaba.nacos.common.remote.client   : [f7c562b8-20a7-49e1-a445-fa042492ab7b] Registry connection listener to current client:com.alibaba.nacos.client.naming.remote.gprc.redo.NamingGrpcRedoService
17:07:39:621  INFO 30892 --- [main] com.alibaba.nacos.common.remote.client   : [f7c562b8-20a7-49e1-a445-fa042492ab7b] Register server push request handler:com.alibaba.nacos.client.naming.remote.gprc.NamingPushRequestHandler
17:07:39:622  INFO 30892 --- [main] com.alibaba.nacos.common.remote.client   : [f7c562b8-20a7-49e1-a445-fa042492ab7b] Try to connect to server on start up, server: {serverIp = '172.16.1.12', server main port = 8848}
17:07:40:285  INFO 30892 --- [main] com.alibaba.nacos.common.remote.client   : [f7c562b8-20a7-49e1-a445-fa042492ab7b] Success to connect to server [172.16.1.12:8848] on start up, connectionId = 1759741661104_172.16.1.1_65515
17:07:40:286  INFO 30892 --- [com.alibaba.nacos.client.remote.worker] com.alibaba.nacos.common.remote.client   : [f7c562b8-20a7-49e1-a445-fa042492ab7b] Notify connected event to listeners.
17:07:40:286  INFO 30892 --- [main] com.alibaba.nacos.common.remote.client   : [f7c562b8-20a7-49e1-a445-fa042492ab7b] Register server push request handler:com.alibaba.nacos.common.remote.client.RpcClient$ConnectResetRequestHandler
17:07:40:286  INFO 30892 --- [main] com.alibaba.nacos.common.remote.client   : [f7c562b8-20a7-49e1-a445-fa042492ab7b] Register server push request handler:com.alibaba.nacos.common.remote.client.RpcClient$$Lambda/0x00000177d9814170
17:07:40:320  INFO 30892 --- [main] o.s.b.w.embedded.tomcat.TomcatWebServer  : Tomcat started on port(s): 8084 (http) with context path ''
17:07:40:326  INFO 30892 --- [main] c.a.c.n.registry.NacosServiceRegistry    : nacos registry, DEFAULT_GROUP user-service 26.140.23.124:8084 register finished
17:07:40:805  INFO 30892 --- [nacos-grpc-client-executor-7] com.alibaba.nacos.common.remote.client   : [f7c562b8-20a7-49e1-a445-fa042492ab7b] Receive server push request, request = NotifySubscriberRequest, requestId = 20
17:07:40:808  INFO 30892 --- [nacos-grpc-client-executor-7] com.alibaba.nacos.common.remote.client   : [f7c562b8-20a7-49e1-a445-fa042492ab7b] Ack server push request, request = NotifySubscriberRequest, requestId = 20
17:07:41:347  INFO 30892 --- [main] o.s.cloud.commons.util.InetUtils         : Cannot determine local hostname
17:07:41:348  INFO 30892 --- [main] d.s.w.p.DocumentationPluginsBootstrapper : Documentation plugins bootstrapped
17:07:41:350  INFO 30892 --- [main] d.s.w.p.DocumentationPluginsBootstrapper : Found 1 custom documentation plugin(s)
17:07:41:363  INFO 30892 --- [main] s.d.s.w.s.ApiListingReferenceScanner     : Scanning for api listing references
17:07:41:423  INFO 30892 --- [main] com.hmall.user.UserApplication           : Started UserApplication in 7.341 seconds (JVM running for 8.012)
17:07:59:406  WARN 30892 --- [Thread-4] c.a.nacos.common.notify.NotifyCenter     : [NotifyCenter] Start destroying Publisher
17:07:59:406  WARN 30892 --- [Thread-7] c.a.n.common.http.HttpClientBeanHolder   : [HttpClientBeanHolder] Start destroying common HttpClient
17:07:59:407  WARN 30892 --- [Thread-4] c.a.nacos.common.notify.NotifyCenter     : [NotifyCenter] Destruction of the end
17:07:59:407  WARN 30892 --- [Thread-7] c.a.n.common.http.HttpClientBeanHolder   : [HttpClientBeanHolder] Destruction of the end
17:07:59:424  INFO 30892 --- [SpringApplicationShutdownHook] c.a.c.n.registry.NacosServiceRegistry    : De-registering from Nacos Server now...
17:07:59:427  INFO 30892 --- [SpringApplicationShutdownHook] c.a.c.n.registry.NacosServiceRegistry    : De-registration finished.
17:07:59:752  INFO 30892 --- [SpringApplicationShutdownHook] com.alibaba.nacos.common.remote.client   : Shutdown rpc client, set status to shutdown
17:07:59:752  INFO 30892 --- [SpringApplicationShutdownHook] com.alibaba.nacos.common.remote.client   : Shutdown client event executor java.util.concurrent.ScheduledThreadPoolExecutor@5abb7a8f[Running, pool size = 2, active threads = 2, queued tasks = 0, completed tasks = 0]
17:07:59:752  INFO 30892 --- [SpringApplicationShutdownHook] com.alibaba.nacos.common.remote.client   : Close current connection 1759741661104_172.16.1.1_65515
17:07:59:754  INFO 30892 --- [nacos-grpc-client-executor-13] c.a.n.c.remote.client.grpc.GrpcClient    : [1759741661104_172.16.1.1_65515]Ignore complete event,isRunning:false,isAbandon=false
17:07:59:756  INFO 30892 --- [SpringApplicationShutdownHook] c.a.n.c.remote.client.grpc.GrpcClient    : Shutdown grpc executor java.util.concurrent.ThreadPoolExecutor@4cd90c36[Running, pool size = 4, active threads = 0, queued tasks = 0, completed tasks = 14]
17:08:06:108  INFO 12540 --- [main] com.hmall.user.UserApplication           : Starting UserApplication using Java 21.0.8 on LAPTOP-F9DK7HAO with PID 12540 (D:\BaiduNetdiskDownload\SpringCloudNew\day03\hmall\user-service\target\classes started by h1187 in D:\BaiduNetdiskDownload\SpringCloudNew\day03\hmall)
17:08:06:110 DEBUG 12540 --- [main] com.hmall.user.UserApplication           : Running with Spring Boot v2.7.12, Spring v5.3.27
17:08:06:110  INFO 12540 --- [main] com.hmall.user.UserApplication           : The following 1 profile is active: "local"
17:08:06:976  INFO 12540 --- [main] o.s.cloud.context.scope.GenericScope     : BeanFactory id=5e277b08-f626-36d8-8136-bbc79d7cd3ee
17:08:07:360  INFO 12540 --- [main] o.s.b.w.embedded.tomcat.TomcatWebServer  : Tomcat initialized with port(s): 8084 (http)
17:08:07:366  INFO 12540 --- [main] o.apache.catalina.core.StandardService   : Starting service [Tomcat]
17:08:07:366  INFO 12540 --- [main] org.apache.catalina.core.StandardEngine  : Starting Servlet engine: [Apache Tomcat/9.0.75]
17:08:07:572  INFO 12540 --- [main] o.a.c.c.C.[Tomcat].[localhost].[/]       : Initializing Spring embedded WebApplicationContext
17:08:07:572  INFO 12540 --- [main] w.s.c.ServletWebServerApplicationContext : Root WebApplicationContext: initialization completed in 1420 ms
17:08:09:454  INFO 12540 --- [main] o.s.cloud.commons.util.InetUtils         : Cannot determine local hostname
17:08:09:490  INFO 12540 --- [main] pertySourcedRequestMappingHandlerMapping : Mapped URL path [/v2/api-docs] onto method [springfox.documentation.swagger2.web.Swagger2ControllerWebMvc#getDocumentation(String, HttpServletRequest)]
17:08:10:552  INFO 12540 --- [main] o.s.cloud.commons.util.InetUtils         : Cannot determine local hostname
17:08:10:740  INFO 12540 --- [main] com.alibaba.nacos.common.remote.client   : [RpcClientFactory] create a new rpc client of 12a7bdad-b7e0-411c-9782-109ee93a59b1
17:08:10:792  INFO 12540 --- [main] org.reflections.Reflections              : Reflections took 29 ms to scan 1 urls, producing 3 keys and 6 values 
17:08:10:815  INFO 12540 --- [main] org.reflections.Reflections              : Reflections took 10 ms to scan 1 urls, producing 4 keys and 9 values 
17:08:10:823  INFO 12540 --- [main] org.reflections.Reflections              : Reflections took 6 ms to scan 1 urls, producing 3 keys and 10 values 
17:08:10:825  WARN 12540 --- [main] org.reflections.Reflections              : given scan urls are empty. set urls in the configuration
17:08:10:832  INFO 12540 --- [main] org.reflections.Reflections              : Reflections took 6 ms to scan 1 urls, producing 1 keys and 5 values 
17:08:10:839  INFO 12540 --- [main] org.reflections.Reflections              : Reflections took 6 ms to scan 1 urls, producing 1 keys and 7 values 
17:08:10:846  INFO 12540 --- [main] org.reflections.Reflections              : Reflections took 5 ms to scan 1 urls, producing 2 keys and 8 values 
17:08:10:847  WARN 12540 --- [main] org.reflections.Reflections              : given scan urls are empty. set urls in the configuration
17:08:10:848  INFO 12540 --- [main] com.alibaba.nacos.common.remote.client   : [12a7bdad-b7e0-411c-9782-109ee93a59b1] RpcClient init label, labels = {module=naming, source=sdk}
17:08:10:848  INFO 12540 --- [main] com.alibaba.nacos.common.remote.client   : [12a7bdad-b7e0-411c-9782-109ee93a59b1] RpcClient init, ServerListFactory = com.alibaba.nacos.client.naming.core.ServerListManager
17:08:10:848  INFO 12540 --- [main] com.alibaba.nacos.common.remote.client   : [12a7bdad-b7e0-411c-9782-109ee93a59b1] Registry connection listener to current client:com.alibaba.nacos.client.naming.remote.gprc.redo.NamingGrpcRedoService
17:08:10:849  INFO 12540 --- [main] com.alibaba.nacos.common.remote.client   : [12a7bdad-b7e0-411c-9782-109ee93a59b1] Register server push request handler:com.alibaba.nacos.client.naming.remote.gprc.NamingPushRequestHandler
17:08:10:851  INFO 12540 --- [main] com.alibaba.nacos.common.remote.client   : [12a7bdad-b7e0-411c-9782-109ee93a59b1] Try to connect to server on start up, server: {serverIp = '172.16.1.12', server main port = 8848}
17:08:11:479  INFO 12540 --- [main] com.alibaba.nacos.common.remote.client   : [12a7bdad-b7e0-411c-9782-109ee93a59b1] Success to connect to server [172.16.1.12:8848] on start up, connectionId = 1759741692307_172.16.1.1_49212
17:08:11:480  INFO 12540 --- [com.alibaba.nacos.client.remote.worker] com.alibaba.nacos.common.remote.client   : [12a7bdad-b7e0-411c-9782-109ee93a59b1] Notify connected event to listeners.
17:08:11:480  INFO 12540 --- [main] com.alibaba.nacos.common.remote.client   : [12a7bdad-b7e0-411c-9782-109ee93a59b1] Register server push request handler:com.alibaba.nacos.common.remote.client.RpcClient$ConnectResetRequestHandler
17:08:11:481  INFO 12540 --- [main] com.alibaba.nacos.common.remote.client   : [12a7bdad-b7e0-411c-9782-109ee93a59b1] Register server push request handler:com.alibaba.nacos.common.remote.client.RpcClient$$Lambda/0x00000175938147f0
17:08:11:516  INFO 12540 --- [main] o.s.b.w.embedded.tomcat.TomcatWebServer  : Tomcat started on port(s): 8084 (http) with context path ''
17:08:11:540  INFO 12540 --- [main] c.a.c.n.registry.NacosServiceRegistry    : nacos registry, DEFAULT_GROUP user-service 26.140.23.124:8084 register finished
17:08:12:053  INFO 12540 --- [nacos-grpc-client-executor-8] com.alibaba.nacos.common.remote.client   : [12a7bdad-b7e0-411c-9782-109ee93a59b1] Receive server push request, request = NotifySubscriberRequest, requestId = 25
17:08:12:056  INFO 12540 --- [nacos-grpc-client-executor-8] com.alibaba.nacos.common.remote.client   : [12a7bdad-b7e0-411c-9782-109ee93a59b1] Ack server push request, request = NotifySubscriberRequest, requestId = 25
17:08:12:560  INFO 12540 --- [main] o.s.cloud.commons.util.InetUtils         : Cannot determine local hostname
17:08:12:561  INFO 12540 --- [main] d.s.w.p.DocumentationPluginsBootstrapper : Documentation plugins bootstrapped
17:08:12:563  INFO 12540 --- [main] d.s.w.p.DocumentationPluginsBootstrapper : Found 1 custom documentation plugin(s)
17:08:12:582  INFO 12540 --- [main] s.d.s.w.s.ApiListingReferenceScanner     : Scanning for api listing references
17:08:12:651  INFO 12540 --- [main] com.hmall.user.UserApplication           : Started UserApplication in 7.931 seconds (JVM running for 8.631)
17:08:48:344  INFO 12540 --- [http-nio-8084-exec-1] o.a.c.c.C.[Tomcat].[localhost].[/]       : Initializing Spring DispatcherServlet 'dispatcherServlet'
17:08:48:344  INFO 12540 --- [http-nio-8084-exec-1] o.s.web.servlet.DispatcherServlet        : Initializing Servlet 'dispatcherServlet'
17:08:48:344  INFO 12540 --- [http-nio-8084-exec-1] o.s.web.servlet.DispatcherServlet        : Completed initialization in 0 ms
17:08:48:484  INFO 12540 --- [http-nio-8084-exec-1] com.zaxxer.hikari.HikariDataSource       : HikariPool-1 - Starting...
17:08:48:733  INFO 12540 --- [http-nio-8084-exec-1] com.zaxxer.hikari.HikariDataSource       : HikariPool-1 - Start completed.
17:08:48:739 DEBUG 12540 --- [http-nio-8084-exec-1] c.h.user.mapper.UserMapper.selectList    : ==>  Preparing: SELECT id,username,password,phone,create_time,update_time,status,balance FROM user WHERE (username = ?)
17:08:48:757 DEBUG 12540 --- [http-nio-8084-exec-1] c.h.user.mapper.UserMapper.selectList    : ==> Parameters: jack(String)
17:08:48:782 DEBUG 12540 --- [http-nio-8084-exec-1] c.h.user.mapper.UserMapper.selectList    : <==      Total: 1
17:37:15:737  WARN 12540 --- [Thread-4] c.a.nacos.common.notify.NotifyCenter     : [NotifyCenter] Start destroying Publisher
17:37:15:737  WARN 12540 --- [Thread-7] c.a.n.common.http.HttpClientBeanHolder   : [HttpClientBeanHolder] Start destroying common HttpClient
17:37:15:755  WARN 12540 --- [Thread-4] c.a.nacos.common.notify.NotifyCenter     : [NotifyCenter] Destruction of the end
17:37:15:758  WARN 12540 --- [Thread-7] c.a.n.common.http.HttpClientBeanHolder   : [HttpClientBeanHolder] Destruction of the end
17:37:15:815  INFO 12540 --- [SpringApplicationShutdownHook] c.a.c.n.registry.NacosServiceRegistry    : De-registering from Nacos Server now...
17:37:15:819  INFO 12540 --- [SpringApplicationShutdownHook] c.a.c.n.registry.NacosServiceRegistry    : De-registration finished.
17:37:16:142  INFO 12540 --- [SpringApplicationShutdownHook] com.alibaba.nacos.common.remote.client   : Shutdown rpc client, set status to shutdown
17:37:16:143  INFO 12540 --- [SpringApplicationShutdownHook] com.alibaba.nacos.common.remote.client   : Shutdown client event executor java.util.concurrent.ScheduledThreadPoolExecutor@71fb1da3[Running, pool size = 2, active threads = 2, queued tasks = 0, completed tasks = 0]
17:37:16:143  INFO 12540 --- [SpringApplicationShutdownHook] com.alibaba.nacos.common.remote.client   : Close current connection 1759741692307_172.16.1.1_49212
17:37:16:144  INFO 12540 --- [nacos-grpc-client-executor-365] c.a.n.c.remote.client.grpc.GrpcClient    : [1759741692307_172.16.1.1_49212]Ignore complete event,isRunning:false,isAbandon=false
17:37:16:150  INFO 12540 --- [SpringApplicationShutdownHook] c.a.n.c.remote.client.grpc.GrpcClient    : Shutdown grpc executor java.util.concurrent.ThreadPoolExecutor@446a5aa5[Running, pool size = 5, active threads = 0, queued tasks = 0, completed tasks = 366]
17:37:16:155  INFO 12540 --- [SpringApplicationShutdownHook] com.zaxxer.hikari.HikariDataSource       : HikariPool-1 - Shutdown initiated...
17:37:16:166  INFO 12540 --- [SpringApplicationShutdownHook] com.zaxxer.hikari.HikariDataSource       : HikariPool-1 - Shutdown completed.
